[INFO] Scanning for projects...
[INFO] 
[INFO] -----------------------< com.example:space-api >------------------------
[INFO] Building space-api 0.0.1-SNAPSHOT
[INFO]   from pom.xml
[INFO] --------------------------------[ jar ]---------------------------------
[INFO] 
[INFO] >>> spring-boot:3.5.0:run (default-cli) > test-compile @ space-api >>>
[INFO] 
[INFO] --- resources:3.3.1:resources (default-resources) @ space-api ---
[WARNING] Using platform encoding (UTF-8 actually) to copy filtered resources, i.e. build is platform dependent!
[INFO] Copying 2 resources from src\main\resources to target\classes
[INFO] 
[INFO] --- compiler:3.11.0:compile (default-compile) @ space-api ---
[INFO] Nothing to compile - all classes are up to date
[INFO] 
[INFO] --- resources:3.3.1:testResources (default-testResources) @ space-api ---
[WARNING] Using platform encoding (UTF-8 actually) to copy filtered resources, i.e. build is platform dependent!
[INFO] skip non existing resourceDirectory C:\Users\karim\OneDrive - mycit.ie\Year 4\GenAi_AppDev\space-api\src\test\resources
[INFO] 
[INFO] --- compiler:3.11.0:testCompile (default-testCompile) @ space-api ---
[INFO] No sources to compile
[INFO] 
[INFO] <<< spring-boot:3.5.0:run (default-cli) < test-compile @ space-api <<<
[INFO] 
[INFO] 
[INFO] --- spring-boot:3.5.0:run (default-cli) @ space-api ---
[INFO] Attaching agents: []

  .   ____          _            __ _ _
 /\\ / ___'_ __ _ _(_)_ __  __ _ \ \ \ \
( ( )\___ | '_ | '_| | '_ \/ _` | \ \ \ \
 \\/  ___)| |_)| | | | | || (_| |  ) ) ) )
  '  |____| .__|_| |_|_| |_\__, | / / / /
 =========|_|==============|___/=/_/_/_/

 :: Spring Boot ::                (v3.5.0)

2025-12-05T21:43:14.566Z  INFO 18340 --- [           main] com.example.space.SpaceApplication       : Starting SpaceApplication using Java 21.0.9 with PID 18340 (C:\Users\karim\OneDrive - mycit.ie\Year 4\GenAi_AppDev\space-api\target\classes started by karim in C:\Users\karim\OneDrive - mycit.ie\Year 4\GenAi_AppDev\space-api)
2025-12-05T21:43:14.566Z  INFO 18340 --- [           main] com.example.space.SpaceApplication       : No active profile set, falling back to 1 default profile: "default"
2025-12-05T21:43:15.094Z  INFO 18340 --- [           main] .s.d.r.c.RepositoryConfigurationDelegate : Bootstrapping Spring Data JPA repositories in DEFAULT mode.
2025-12-05T21:43:15.188Z  INFO 18340 --- [           main] .s.d.r.c.RepositoryConfigurationDelegate : Finished Spring Data repository scanning in 90 ms. Found 3 JPA repository interfaces.
2025-12-05T21:43:15.707Z  INFO 18340 --- [           main] o.s.b.w.embedded.tomcat.TomcatWebServer  : Tomcat initialized with port 8080 (http)
2025-12-05T21:43:15.712Z  INFO 18340 --- [           main] o.apache.catalina.core.StandardService   : Starting service [Tomcat]
2025-12-05T21:43:15.712Z  INFO 18340 --- [           main] o.apache.catalina.core.StandardEngine    : Starting Servlet engine: [Apache Tomcat/10.1.41]
2025-12-05T21:43:15.754Z  INFO 18340 --- [           main] o.a.c.c.C.[Tomcat].[localhost].[/]       : Initializing Spring embedded WebApplicationContext
2025-12-05T21:43:15.754Z  INFO 18340 --- [           main] w.s.c.ServletWebServerApplicationContext : Root WebApplicationContext: initialization completed in 1152 ms
2025-12-05T21:43:15.889Z  INFO 18340 --- [           main] o.hibernate.jpa.internal.util.LogHelper  : HHH000204: Processing PersistenceUnitInfo [name: default]
2025-12-05T21:43:15.932Z  INFO 18340 --- [           main] org.hibernate.Version                    : HHH000412: Hibernate ORM core version 6.6.15.Final
2025-12-05T21:43:15.952Z  INFO 18340 --- [           main] o.h.c.internal.RegionFactoryInitiator    : HHH000026: Second-level cache disabled
2025-12-05T21:43:16.126Z  INFO 18340 --- [           main] o.s.o.j.p.SpringPersistenceUnitInfo      : No LoadTimeWeaver setup: ignoring JPA class transformer
2025-12-05T21:43:16.154Z  INFO 18340 --- [           main] com.zaxxer.hikari.HikariDataSource       : HikariPool-1 - Starting...
2025-12-05T21:43:16.266Z  INFO 18340 --- [           main] com.zaxxer.hikari.pool.HikariPool        : HikariPool-1 - Added connection conn0: url=jdbc:h2:mem:space user=SA
2025-12-05T21:43:16.273Z  INFO 18340 --- [           main] com.zaxxer.hikari.HikariDataSource       : HikariPool-1 - Start completed.
2025-12-05T21:43:16.302Z  INFO 18340 --- [           main] org.hibernate.orm.connections.pooling    : HHH10001005: Database info:
	Database JDBC URL [Connecting through datasource 'HikariDataSource (HikariPool-1)']
	Database driver: undefined/unknown
	Database version: 2.3.232
	Autocommit mode: undefined/unknown
	Isolation level: undefined/unknown
	Minimum pool size: undefined/unknown
	Maximum pool size: undefined/unknown
2025-12-05T21:43:16.898Z  INFO 18340 --- [           main] o.h.e.t.j.p.i.JtaPlatformInitiator       : HHH000489: No JTA platform available (set 'hibernate.transaction.jta.platform' to enable JTA platform integration)
Hibernate: 
    create table moons (
        id bigint generated by default as identity,
        diameter_km numeric(20,4) not null,
        name varchar(255) not null,
        orbital_period_days numeric(20,4) not null,
        planet_id bigint not null,
        primary key (id)
    )
Hibernate: 
    create table planets (
        id bigint generated by default as identity,
        mass_kg numeric(38,2) not null,
        name varchar(255) not null,
        orbital_period_days numeric(20,4) not null,
        radius_km numeric(20,4) not null,
        type enum ('DWARF','GAS_GIANT','ICE_GIANT','TERRESTRIAL') not null,
        primary key (id)
    )
Hibernate: 
    create table users (
        id bigint generated by default as identity,
        password varchar(255) not null,
        role enum ('ADMIN','STAFF','STUDENT') not null,
        username varchar(50) not null,
        primary key (id)
    )
Hibernate: 
    alter table if exists planets 
       drop constraint if exists UKb19q51pod68r7255u76mkayy4
Hibernate: 
    alter table if exists planets 
       add constraint UKb19q51pod68r7255u76mkayy4 unique (name)
Hibernate: 
    alter table if exists users 
       drop constraint if exists UKr43af9ap4edm43mmtq01oddj6
Hibernate: 
    alter table if exists users 
       add constraint UKr43af9ap4edm43mmtq01oddj6 unique (username)
Hibernate: 
    alter table if exists moons 
       add constraint FK1bllnyryaoi7flc5keoa7iqyj 
       foreign key (planet_id) 
       references planets
2025-12-05T21:43:17.014Z  INFO 18340 --- [           main] j.LocalContainerEntityManagerFactoryBean : Initialized JPA EntityManagerFactory for persistence unit 'default'
2025-12-05T21:43:17.447Z  WARN 18340 --- [           main] JpaBaseConfiguration$JpaWebConfiguration : spring.jpa.open-in-view is enabled by default. Therefore, database queries may be performed during view rendering. Explicitly configure spring.jpa.open-in-view to disable this warning
2025-12-05T21:43:17.482Z  INFO 18340 --- [           main] r$InitializeUserDetailsManagerConfigurer : Global AuthenticationManager configured with UserDetailsService bean with name customUserDetailsService
2025-12-05T21:43:17.861Z  INFO 18340 --- [           main] efaultSchemaResourceGraphQlSourceBuilder : Loaded 1 resource(s) in the GraphQL schema.
2025-12-05T21:43:17.979Z  INFO 18340 --- [           main] o.s.b.a.g.GraphQlAutoConfiguration       : GraphQL schema inspection:
	Unmapped fields: {}
	Unmapped registrations: {}
	Unmapped arguments: {}
	Skipped types: []
2025-12-05T21:43:18.011Z  INFO 18340 --- [           main] s.b.a.g.s.GraphQlWebMvcAutoConfiguration : GraphQL endpoint HTTP POST /graphql
2025-12-05T21:43:18.246Z  INFO 18340 --- [           main] o.s.b.a.h2.H2ConsoleAutoConfiguration    : H2 console available at '/h2-console'. Database available at 'jdbc:h2:mem:space'
2025-12-05T21:43:18.344Z  WARN 18340 --- [           main] ConfigServletWebServerApplicationContext : Exception encountered during context initialization - cancelling refresh attempt: org.springframework.context.ApplicationContextException: Failed to start bean 'webServerStartStop'
2025-12-05T21:43:18.344Z  INFO 18340 --- [           main] j.LocalContainerEntityManagerFactoryBean : Closing JPA EntityManagerFactory for persistence unit 'default'
2025-12-05T21:43:18.344Z  INFO 18340 --- [           main] com.zaxxer.hikari.HikariDataSource       : HikariPool-1 - Shutdown initiated...
2025-12-05T21:43:18.350Z  INFO 18340 --- [           main] com.zaxxer.hikari.HikariDataSource       : HikariPool-1 - Shutdown completed.
2025-12-05T21:43:18.354Z  INFO 18340 --- [           main] .s.b.a.l.ConditionEvaluationReportLogger : 

Error starting ApplicationContext. To display the condition evaluation report re-run your application with 'debug' enabled.
2025-12-05T21:43:18.369Z ERROR 18340 --- [           main] o.s.b.d.LoggingFailureAnalysisReporter   : 

***************************
APPLICATION FAILED TO START
***************************

Description:

Web server failed to start. Port 8080 was already in use.

Action:

Identify and stop the process that's listening on port 8080 or configure this application to listen on another port.

[INFO] ------------------------------------------------------------------------
[INFO] BUILD FAILURE
[INFO] ------------------------------------------------------------------------
[INFO] Total time:  5.947 s
[INFO] Finished at: 2025-12-05T21:43:18Z
[INFO] ------------------------------------------------------------------------
[ERROR] Failed to execute goal org.springframework.boot:spring-boot-maven-plugin:3.5.0:run (default-cli) on project space-api: Process terminated with exit code: 1 -> [Help 1]
[ERROR] 
[ERROR] To see the full stack trace of the errors, re-run Maven with the -e switch.
[ERROR] Re-run Maven using the -X switch to enable full debug logging.
[ERROR] 
[ERROR] For more information about the errors and possible solutions, please read the following articles:
[ERROR] [Help 1] http://cwiki.apache.org/confluence/display/MAVEN/MojoExecutionException
